<?xml version="1.0" encoding="UTF-8"?>
<testsuite name="org.example.CardBuilderTests" tests="2" skipped="0" failures="0" errors="0" timestamp="2022-12-25T12:27:01" hostname="GLOOMYJACK-OFFI" time="0.06">
  <properties/>
  <testcase name="cardBuilder_getResult_invalidID_test()" classname="org.example.CardBuilderTests" time="0.049"/>
  <testcase name="cardBuilder_getResult_test()" classname="org.example.CardBuilderTests" time="0.01"/>
  <system-out><![CDATA[]]></system-out>
  <system-err><![CDATA[]]></system-err>
</testsuite>
